Build started 12/20/2020 1:20:13 PM.
Logging verbosity is set to: Normal.     1>Project "C:\Users\Sean\Documents\Fall 2020\Misc\SLAMcourse\MyStuff\SlamSim\SLAMSim\SLAMSim.vcxproj" on node 2 (Build target(s)).
     1>InitializeBuildStatus:
         Touching "x64\Debug\SLAMSim.tlog\unsuccessfulbuild".
       ClCompile:
         C:\Program Files (x86)\Microsoft Visual Studio\2019\Community\VC\Tools\MSVC\14.25.28610\bin\HostX86\x64\CL.exe /c /I"C:\Users\Sean\Documents\Fall 2020\Misc\SLAMcourse\MyStuff\SlamSim\SLAMSim\SFML\include" /I"C:\Users\Sean\Documents\Fall 2020\Misc\SLAMcourse\MyStuff\SlamSim\SLAMSim\headers" /I"C:\Users\Sean\Documents\Fall 2020\Misc\SLAMcourse\MyStuff\SlamSim\SLAMSim" /I"C:\Users\Sean\Documents\Fall 2020\Misc\SLAMcourse\MyStuff\SlamSim\SLAMSim\include" /ZI /JMC /nologo /W3 /WX- /diagnostics:column /sdl /Od /D _DEBUG /D _CONSOLE /D _UNICODE /D UNICODE /Gm- /EHsc /RTC1 /MDd /GS /fp:precise /permissive- /Zc:wchar_t /Zc:forScope /Zc:inline /Fo"x64\Debug\\" /Fd"x64\Debug\vc142.pdb" /Gd /TP /FC /errorReport:prompt include\main.cpp
         main.cpp
     1>C:\Users\Sean\Documents\Fall 2020\Misc\SLAMcourse\MyStuff\SlamSim\SLAMSim\include\main.cpp(34,26): warning C4305: 'argument': truncation from 'double' to 'float'
     1>C:\Users\Sean\Documents\Fall 2020\Misc\SLAMcourse\MyStuff\SlamSim\SLAMSim\include\main.cpp(41,11): error C2040: 'size': 'float [2]' differs in levels of indirection from 'Vector2'
     1>C:\Users\Sean\Documents\Fall 2020\Misc\SLAMcourse\MyStuff\SlamSim\SLAMSim\include\main.cpp(42,11): error C2040: 'border': 'float [2]' differs in levels of indirection from 'Vector2'
     1>C:\Users\Sean\Documents\Fall 2020\Misc\SLAMcourse\MyStuff\SlamSim\SLAMSim\include\main.cpp(45,26): error C2088: '/': illegal for struct
     1>C:\Users\Sean\Documents\Fall 2020\Misc\SLAMcourse\MyStuff\SlamSim\SLAMSim\include\main.cpp(102,105): error C2660: 'Scan::performScan': function does not take 5 arguments
       C:\Users\Sean\Documents\Fall 2020\Misc\SLAMcourse\MyStuff\SlamSim\SLAMSim\headers\Scan.h(26,21): message : see declaration of 'Scan::performScan'
     1>C:\Users\Sean\Documents\Fall 2020\Misc\SLAMcourse\MyStuff\SlamSim\SLAMSim\include\main.cpp(105,17): error C2371: 'robot_center': redefinition; different basic types
       C:\Users\Sean\Documents\Fall 2020\Misc\SLAMcourse\MyStuff\SlamSim\SLAMSim\include\main.cpp(100): message : see declaration of 'robot_center'
     1>C:\Users\Sean\Documents\Fall 2020\Misc\SLAMcourse\MyStuff\SlamSim\SLAMSim\include\main.cpp(105,54): error C2676: binary '[': 'Vector2' does not define this operator or a conversion to a type acceptable to the predefined operator
     1>C:\Users\Sean\Documents\Fall 2020\Misc\SLAMcourse\MyStuff\SlamSim\SLAMSim\include\main.cpp(105,71): error C2676: binary '[': 'Vector2' does not define this operator or a conversion to a type acceptable to the predefined operator
     1>C:\Users\Sean\Documents\Fall 2020\Misc\SLAMcourse\MyStuff\SlamSim\SLAMSim\include\main.cpp(107,52): error C2676: binary '[': 'Vector2' does not define this operator or a conversion to a type acceptable to the predefined operator
     1>C:\Users\Sean\Documents\Fall 2020\Misc\SLAMcourse\MyStuff\SlamSim\SLAMSim\include\main.cpp(107,68): error C2664: 'void Robot::checkBorderCol(const World &,float,float)': cannot convert argument 2 from 'float' to 'Vector2'
       C:\Users\Sean\Documents\Fall 2020\Misc\SLAMcourse\MyStuff\SlamSim\SLAMSim\include\main.cpp(107,68): message : No constructor could take the source type, or constructor overload resolution was ambiguous
       C:\Users\Sean\Documents\Fall 2020\Misc\SLAMcourse\MyStuff\SlamSim\SLAMSim\headers\Robot.h(16,7): message : see declaration of 'Robot::checkBorderCol'
     1>C:\Users\Sean\Documents\Fall 2020\Misc\SLAMcourse\MyStuff\SlamSim\SLAMSim\include\main.cpp(137,93): warning C4244: 'argument': conversion from 'int' to 'float', possible loss of data
     1>C:\Users\Sean\Documents\Fall 2020\Misc\SLAMcourse\MyStuff\SlamSim\SLAMSim\include\main.cpp(137,72): warning C4244: 'argument': conversion from 'int' to 'float', possible loss of data
     1>Done Building Project "C:\Users\Sean\Documents\Fall 2020\Misc\SLAMcourse\MyStuff\SlamSim\SLAMSim\SLAMSim.vcxproj" (Build target(s)) -- FAILED.

Build FAILED.

       "C:\Users\Sean\Documents\Fall 2020\Misc\SLAMcourse\MyStuff\SlamSim\SLAMSim\SLAMSim.vcxproj" (Build target) (1) ->
       (ClCompile target) -> 
         C:\Users\Sean\Documents\Fall 2020\Misc\SLAMcourse\MyStuff\SlamSim\SLAMSim\include\main.cpp(34,26): warning C4305: 'argument': truncation from 'double' to 'float'
         C:\Users\Sean\Documents\Fall 2020\Misc\SLAMcourse\MyStuff\SlamSim\SLAMSim\include\main.cpp(137,93): warning C4244: 'argument': conversion from 'int' to 'float', possible loss of data
         C:\Users\Sean\Documents\Fall 2020\Misc\SLAMcourse\MyStuff\SlamSim\SLAMSim\include\main.cpp(137,72): warning C4244: 'argument': conversion from 'int' to 'float', possible loss of data


       "C:\Users\Sean\Documents\Fall 2020\Misc\SLAMcourse\MyStuff\SlamSim\SLAMSim\SLAMSim.vcxproj" (Build target) (1) ->
       (ClCompile target) -> 
         C:\Users\Sean\Documents\Fall 2020\Misc\SLAMcourse\MyStuff\SlamSim\SLAMSim\include\main.cpp(41,11): error C2040: 'size': 'float [2]' differs in levels of indirection from 'Vector2'
         C:\Users\Sean\Documents\Fall 2020\Misc\SLAMcourse\MyStuff\SlamSim\SLAMSim\include\main.cpp(42,11): error C2040: 'border': 'float [2]' differs in levels of indirection from 'Vector2'
         C:\Users\Sean\Documents\Fall 2020\Misc\SLAMcourse\MyStuff\SlamSim\SLAMSim\include\main.cpp(45,26): error C2088: '/': illegal for struct
         C:\Users\Sean\Documents\Fall 2020\Misc\SLAMcourse\MyStuff\SlamSim\SLAMSim\include\main.cpp(102,105): error C2660: 'Scan::performScan': function does not take 5 arguments
         C:\Users\Sean\Documents\Fall 2020\Misc\SLAMcourse\MyStuff\SlamSim\SLAMSim\include\main.cpp(105,17): error C2371: 'robot_center': redefinition; different basic types
         C:\Users\Sean\Documents\Fall 2020\Misc\SLAMcourse\MyStuff\SlamSim\SLAMSim\include\main.cpp(105,54): error C2676: binary '[': 'Vector2' does not define this operator or a conversion to a type acceptable to the predefined operator
         C:\Users\Sean\Documents\Fall 2020\Misc\SLAMcourse\MyStuff\SlamSim\SLAMSim\include\main.cpp(105,71): error C2676: binary '[': 'Vector2' does not define this operator or a conversion to a type acceptable to the predefined operator
         C:\Users\Sean\Documents\Fall 2020\Misc\SLAMcourse\MyStuff\SlamSim\SLAMSim\include\main.cpp(107,52): error C2676: binary '[': 'Vector2' does not define this operator or a conversion to a type acceptable to the predefined operator
         C:\Users\Sean\Documents\Fall 2020\Misc\SLAMcourse\MyStuff\SlamSim\SLAMSim\include\main.cpp(107,68): error C2664: 'void Robot::checkBorderCol(const World &,float,float)': cannot convert argument 2 from 'float' to 'Vector2'

    3 Warning(s)
    9 Error(s)

Time Elapsed 00:00:00.74
